<?xml version="1.0" encoding="UTF-8"?>
<testng-results ignored="0" total="1" passed="1" failed="0" skipped="0">
  <reporter-output>
  </reporter-output>
  <suite started-at="2023-09-15T15:29:19 IST" name="Suite" finished-at="2023-09-15T15:30:57 IST" duration-ms="98159">
    <groups>
      <group name="smokesuite">
        <method signature="CreateContactWithOrgUsingGUTest.CreateContactWithOrgUsingGU()[pri:0, instance:ContaCt.CreateContactWithOrgUsingGUTest@4c371370]" name="CreateContactWithOrgUsingGU" class="ContaCt.CreateContactWithOrgUsingGUTest"/>
      </group> <!-- smokesuite -->
    </groups>
    <test started-at="2023-09-15T15:29:19 IST" name="Test" finished-at="2023-09-15T15:30:57 IST" duration-ms="98159">
      <class name="ContaCt.CreateContactWithOrgUsingGUTest">
        <test-method is-config="true" signature="bsConfig()[pri:0, instance:ContaCt.CreateContactWithOrgUsingGUTest@4c371370]" started-at="2023-09-15T15:29:19 IST" name="bsConfig" finished-at="2023-09-15T15:29:19 IST" duration-ms="15" status="PASS">
          <reporter-output>
          </reporter-output>
        </test-method> <!-- bsConfig -->
        <test-method is-config="true" signature="bcConfig()[pri:0, instance:ContaCt.CreateContactWithOrgUsingGUTest@4c371370]" started-at="2023-09-15T15:29:20 IST" name="bcConfig" finished-at="2023-09-15T15:29:53 IST" duration-ms="33426" status="PASS">
          <reporter-output>
          </reporter-output>
        </test-method> <!-- bcConfig -->
        <test-method is-config="true" signature="bmConfig()[pri:0, instance:ContaCt.CreateContactWithOrgUsingGUTest@4c371370]" started-at="2023-09-15T15:29:53 IST" name="bmConfig" finished-at="2023-09-15T15:30:00 IST" duration-ms="6834" status="PASS">
          <reporter-output>
          </reporter-output>
        </test-method> <!-- bmConfig -->
        <test-method signature="CreateContactWithOrgUsingGU()[pri:0, instance:ContaCt.CreateContactWithOrgUsingGUTest@4c371370]" started-at="2023-09-15T15:30:00 IST" name="CreateContactWithOrgUsingGU" finished-at="2023-09-15T15:30:52 IST" duration-ms="51980" status="PASS">
          <reporter-output>
          </reporter-output>
        </test-method> <!-- CreateContactWithOrgUsingGU -->
        <test-method is-config="true" signature="amConfig()[pri:0, instance:ContaCt.CreateContactWithOrgUsingGUTest@4c371370]" started-at="2023-09-15T15:30:52 IST" name="amConfig" finished-at="2023-09-15T15:30:56 IST" duration-ms="3840" status="PASS">
          <reporter-output>
          </reporter-output>
        </test-method> <!-- amConfig -->
        <test-method is-config="true" signature="acConfif()[pri:0, instance:ContaCt.CreateContactWithOrgUsingGUTest@4c371370]" started-at="2023-09-15T15:30:56 IST" name="acConfif" finished-at="2023-09-15T15:30:57 IST" duration-ms="1203" status="PASS">
          <reporter-output>
          </reporter-output>
        </test-method> <!-- acConfif -->
        <test-method is-config="true" signature="asConfig()[pri:0, instance:ContaCt.CreateContactWithOrgUsingGUTest@4c371370]" started-at="2023-09-15T15:31:01 IST" name="asConfig" finished-at="2023-09-15T15:31:01 IST" duration-ms="1" status="PASS">
          <reporter-output>
          </reporter-output>
        </test-method> <!-- asConfig -->
      </class> <!-- ContaCt.CreateContactWithOrgUsingGUTest -->
    </test> <!-- Test -->
  </suite> <!-- Suite -->
</testng-results>
